<?xml version="1.0" encoding="UTF-8"?>
<testng-results skipped="0" failed="0" ignored="0" total="2" passed="2">
  <reporter-output>
  </reporter-output>
  <suite name="Default suite" duration-ms="83" started-at="2023-01-29T22:48:14 IST" finished-at="2023-01-29T22:48:14 IST">
    <groups>
    </groups>
    <test name="Default test" duration-ms="83" started-at="2023-01-29T22:48:14 IST" finished-at="2023-01-29T22:48:14 IST">
      <class name="pck1.RCB">
        <test-method status="PASS" signature="beforeSuite()[pri:0, instance:pck1.RCB@cd072c]" name="beforeSuite" is-config="true" duration-ms="36" started-at="2023-01-29T22:48:14 IST" finished-at="2023-01-29T22:48:14 IST">
          <reporter-output>
          </reporter-output>
        </test-method> <!-- beforeSuite -->
        <test-method status="PASS" signature="tc1()[pri:0, instance:pck1.RCB@cd072c]" name="tc1" duration-ms="11" started-at="2023-01-29T22:48:14 IST" finished-at="2023-01-29T22:48:14 IST">
          <reporter-output>
          </reporter-output>
        </test-method> <!-- tc1 -->
        <test-method status="PASS" signature="tc2()[pri:0, instance:pck1.RCB@cd072c]" name="tc2" duration-ms="2" started-at="2023-01-29T22:48:14 IST" finished-at="2023-01-29T22:48:14 IST">
          <reporter-output>
          </reporter-output>
        </test-method> <!-- tc2 -->
      </class> <!-- pck1.RCB -->
    </test> <!-- Default test -->
  </suite> <!-- Default suite -->
</testng-results>
